<?xml version="1.0" encoding="UTF-8"?>
<!-- Generated by org.testng.reporters.JUnitReportReporter -->
<testsuite hostname="IBM-PF3DZ8GN" failures="0" tests="1" name="GoogleMapsApi.Allurereports" time="0.020" errors="0" timestamp="14 Mar 2023 11:12:14 GMT" skipped="0">
  <testcase classname="GoogleMapsApi.Allurereports" name="sample1" time="0.020"/>
</testsuite> <!-- GoogleMapsApi.Allurereports -->
