<?xml version="1.0" encoding="UTF-8"?>
<!-- Generated by org.testng.reporters.JUnitReportReporter -->
<testsuite hostname="IBM-PF3DZ8GN" failures="0" tests="3" name="Requests.DynamicJson" time="2.832" errors="0" timestamp="16 Feb 2023 06:32:01 GMT" skipped="0">
  <testcase classname="Requests.DynamicJson" name="addBook" time="0.386"/>
  <testcase classname="Requests.DynamicJson" name="addBook" time="2.044"/>
  <testcase classname="Requests.DynamicJson" name="addBook" time="0.402"/>
</testsuite> <!-- Requests.DynamicJson -->
